<?xml version="1.0" encoding="UTF-8"?>
<!-- Generated by org.testng.reporters.JUnitReportReporter -->
<testsuite hostname="DESKTOP-LSH6HHJ" failures="0" tests="1" name="testCases.Test1" time="0.010" errors="0" timestamp="2024-05-20T20:35:14 IST" skipped="0">
  <testcase classname="testCases.Test1" name="bs" time="0.010"/>
</testsuite> <!-- testCases.Test1 -->
