<?xml version="1.0" encoding="UTF-8"?>
<!-- Generated by org.testng.reporters.JUnitReportReporter -->
<testsuite hostname="DESKTOP-LSH6HHJ" failures="0" tests="1" name="testCases.AddToCart" time="13.696" errors="0" timestamp="2024-06-26T19:50:29 IST" skipped="0">
  <testcase classname="testCases.AddToCart" name="itemsAddTocart" time="13.696"/>
</testsuite> <!-- testCases.AddToCart -->
